<?xml version="1.0" encoding="UTF-8"?>
<!-- Generated by org.testng.reporters.JUnitReportReporter -->
<testsuite hostname="DESKTOP-77JTSPM" failures="0" tests="1" name="Automation.seleniumframeworkpart3.submitOrder" time="36.251" errors="0" timestamp="2024-07-15T08:08:49 IST" skipped="0">
  <testcase classname="Automation.seleniumframeworkpart3.submitOrder" name="mainPart" time="36.251"/>
  <system-out/>
</testsuite> <!-- Automation.seleniumframeworkpart3.submitOrder -->
