<?xml version="1.0" encoding="UTF-8"?>
<!-- Generated by org.testng.reporters.JUnitReportReporter -->
<testsuite hostname="DESKTOP-77JTSPM" failures="0" tests="3" name="Automation.tests.submitOrderTest" time="58.834" errors="0" timestamp="2024-08-29T12:20:53 IST" skipped="0">
  <testcase classname="Automation.tests.submitOrderTest" name="placeOrder" time="24.008"/>
  <system-out/>
  <testcase classname="Automation.tests.submitOrderTest" name="orderHistory" time="10.761"/>
  <system-out/>
  <testcase classname="Automation.tests.submitOrderTest" name="placeOrder" time="24.065"/>
  <system-out/>
</testsuite> <!-- Automation.tests.submitOrderTest -->
