<?xml version="1.0" encoding="UTF-8"?>
<!-- Generated by org.testng.reporters.JUnitReportReporter -->
<testsuite hostname="DESKTOP-77JTSPM" failures="0" tests="1" name="Automation.tests.submitOrder" time="25.134" errors="0" timestamp="2024-07-15T07:45:56 IST" skipped="0">
  <testcase classname="Automation.tests.submitOrder" name="actualTest" time="25.134"/>
  <system-out/>
</testsuite> <!-- Automation.tests.submitOrder -->
