<?xml version="1.0" encoding="UTF-8"?>
<!-- Generated by org.testng.reporters.JUnitReportReporter -->
<testsuite hostname="DESKTOP-77JTSPM" failures="0" tests="2" name="Automation.tests.submitOrderTest" time="64.627" errors="0" timestamp="2024-09-26T17:59:32 IST" skipped="0">
  <testcase classname="Automation.tests.submitOrderTest" name="placeOrder" time="24.823"/>
  <testcase classname="Automation.tests.submitOrderTest" name="placeOrder" time="39.804"/>
</testsuite> <!-- Automation.tests.submitOrderTest -->
