<?xml version="1.0" encoding="UTF-8"?>
<!-- Generated by org.testng.reporters.JUnitReportReporter -->
<testsuite hostname="DESKTOP-77JTSPM" failures="0" tests="2" name="Automation.tests.submitOrderTest" time="63.793" errors="0" timestamp="2024-09-26T17:30:03 IST" skipped="0">
  <testcase classname="Automation.tests.submitOrderTest" name="placeOrder" time="26.232"/>
  <testcase classname="Automation.tests.submitOrderTest" name="placeOrder" time="37.561"/>
</testsuite> <!-- Automation.tests.submitOrderTest -->
