<?xml version="1.0" encoding="UTF-8"?>
<!-- Generated by org.testng.reporters.JUnitReportReporter -->
<testsuite hostname="DESKTOP-77JTSPM" failures="0" tests="2" name="Automation.tests.ErrorValidationsTest" time="25.370" errors="0" timestamp="2024-08-29T12:17:50 IST" skipped="0">
  <testcase classname="Automation.tests.ErrorValidationsTest" name="loginValidations" time="12.272"/>
  <system-out/>
  <testcase classname="Automation.tests.ErrorValidationsTest" name="productValidations" time="13.098"/>
  <system-out/>
</testsuite> <!-- Automation.tests.ErrorValidationsTest -->
