<?xml version="1.0" encoding="UTF-8"?>
<!-- Generated by org.testng.reporters.JUnitReportReporter -->
<testsuite hostname="DESKTOP-77JTSPM" failures="0" tests="3" name="Automation.tests.submitOrderTest" time="387.225" errors="0" timestamp="2024-09-06T21:09:46 IST" skipped="0">
  <testcase classname="Automation.tests.submitOrderTest" name="orderHistory" time="78.661"/>
  <system-out/>
  <testcase classname="Automation.tests.submitOrderTest" name="placeOrder" time="79.211"/>
  <system-out/>
  <testcase classname="Automation.tests.submitOrderTest" name="placeOrder" time="229.353"/>
  <system-out/>
</testsuite> <!-- Automation.tests.submitOrderTest -->
