<?xml version="1.0" encoding="UTF-8"?>
<!-- Generated by org.testng.reporters.JUnitReportReporter -->
<testsuite hostname="DESKTOP-77JTSPM" failures="0" tests="3" name="Automation.tests.ErrorValidationsTest" time="379.073" errors="0" timestamp="2024-09-06T21:09:46 IST" skipped="1">
  <testcase classname="Automation.tests.ErrorValidationsTest" name="loginValidations" time="81.369">
    <skipped/>
  </testcase> <!-- loginValidations -->
  <system-out/>
  <testcase classname="Automation.tests.ErrorValidationsTest" name="productValidations" time="219.780"/>
  <system-out/>
  <testcase classname="Automation.tests.ErrorValidationsTest" name="loginValidations" time="77.924"/>
  <system-out/>
</testsuite> <!-- Automation.tests.ErrorValidationsTest -->
