<?xml version="1.0" encoding="UTF-8"?>
<!-- Generated by org.testng.reporters.JUnitReportReporter -->
<testsuite hostname="DESKTOP-77JTSPM" failures="0" tests="2" name="Automation.tests.submitOrderTest" time="63.015" errors="0" timestamp="2024-09-27T12:26:13 IST" skipped="0">
  <testcase classname="Automation.tests.submitOrderTest" name="placeOrder" time="28.303"/>
  <system-out/>
  <testcase classname="Automation.tests.submitOrderTest" name="placeOrder" time="34.712"/>
  <system-out/>
</testsuite> <!-- Automation.tests.submitOrderTest -->
