<?xml version="1.0" encoding="UTF-8"?>
<!-- Generated by org.testng.reporters.JUnitReportReporter -->
<testsuite hostname="DESKTOP-77JTSPM" failures="0" tests="2" name="Automation.tests.submitOrderTest" time="51.158" errors="0" timestamp="2024-09-26T21:05:00 IST" skipped="0">
  <testcase classname="Automation.tests.submitOrderTest" name="placeOrder" time="23.496"/>
  <system-out/>
  <testcase classname="Automation.tests.submitOrderTest" name="placeOrder" time="27.662"/>
  <system-out/>
</testsuite> <!-- Automation.tests.submitOrderTest -->
