<?xml version="1.0" encoding="UTF-8"?>
<!-- Generated by org.testng.reporters.JUnitReportReporter -->
<testsuite hostname="DESKTOP-77JTSPM" failures="0" tests="2" name="Automation.tests.submitOrderTest" time="57.218" errors="0" timestamp="2024-09-26T17:51:05 IST" skipped="0">
  <testcase classname="Automation.tests.submitOrderTest" name="placeOrder" time="26.800"/>
  <system-out/>
  <testcase classname="Automation.tests.submitOrderTest" name="placeOrder" time="30.418"/>
  <system-out/>
</testsuite> <!-- Automation.tests.submitOrderTest -->
