<?xml version="1.0" encoding="UTF-8"?>
<!-- Generated by org.testng.reporters.JUnitReportReporter -->
<testsuite hostname="DESKTOP-77JTSPM" failures="0" tests="2" name="Automation.tests.submitOrderTest" time="52.304" errors="0" timestamp="2024-09-26T20:28:56 IST" skipped="0">
  <testcase classname="Automation.tests.submitOrderTest" name="placeOrder" time="28.684"/>
  <system-out/>
  <testcase classname="Automation.tests.submitOrderTest" name="placeOrder" time="23.620"/>
  <system-out/>
</testsuite> <!-- Automation.tests.submitOrderTest -->
